========================================
Build Plume v2.0 - 2026-01-09 15:08:58
========================================
Nouvelle architecture MVC
Répertoire: /home/user/plume-locale

--- Templates HTML ---
   [OK] head.html (972 caractères)
   [OK] body.html (90333 caractères)
   [OK] footer.html (478 caractères)

--- CSS ---
   [OK] 12 fichiers CSS trouvés
   Total: 312,430 caractères

--- JavaScript ---
   === NOUVELLE ARCHITECTURE v2.0 ===
   [OK] 83 nouveaux fichiers JS trouvés
   === ANCIEN CODE (non migré) ===
   [OK] 5 anciens fichiers conservés
   [i] 45 fichiers exclus (déjà migrés)
   Total: 83 nouveaux + 5 anciens = 88 fichiers
   Total: 818,460 caractères

--- Écriture ---

========================================
BUILD v2.0 TERMINÉ !
========================================
Fichier: /home/user/plume-locale/build/plume-v2.html
Taille: 1,226,029 octets
Architecture: NOUVELLE (v2.0)
Fichiers exclus: 45 (migrés)
Fichiers gardés: 5 (à migrer)
