========================================
Build Plume - 2026-01-16 15:48:05
========================================
Repertoire de travail: G:\Mon Drive\plume-locale
Fichier log: G:\Mon Drive\plume-locale\build.log

--- Verification des dossiers ---
   [OK] css/ existe (14 fichiers)
   [OK] js/ existe (51 fichiers)
   [OK] html/ existe (3 fichiers)

--- Lecture des templates HTML ---
   [OK] head.html (972 caracteres)
   [OK] body.html (90878 caracteres)
   [OK] footer.html (478 caracteres)

--- Collecte CSS ---
   [OK] 13 fichiers CSS trouves
   Total: 320,657 caracteres

--- Collecte JavaScript ---
   [!] js/10.colorpalette.js lu en cp1252 (pas UTF-8)
   [!] js/12.import-export.js lu en cp1252 (pas UTF-8)
   [!] js/13.mobile-menu.js lu en cp1252 (pas UTF-8)
   [!] js/14.dragndrop-acts.js lu en cp1252 (pas UTF-8)
   [!] js/17.world.js lu en cp1252 (pas UTF-8)
   [!] js/18.timeline.js lu en cp1252 (pas UTF-8)
   [!] js/19.notes.js lu en cp1252 (pas UTF-8)
   [!] js/20.snapshots.js lu en cp1252 (pas UTF-8)
   [!] js/23.stats.js lu en cp1252 (pas UTF-8)
   [!] js/25.globalSearch.js lu en cp1252 (pas UTF-8)
   [!] js/26.focusMode.js lu en cp1252 (pas UTF-8)
   [!] js/27.keyboardShortcuts.js lu en cp1252 (pas UTF-8)
   [!] js/35.renderMap.js lu en cp1252 (pas UTF-8)
   [OK] 45 fichiers JS trouves
   [i] 1 fichiers JS supplementaires:
      + 46.thriller-board.js
   Total: 1,163,266 caracteres

--- Ecriture du fichier ---
   Dossier cible: G:\Mon Drive\plume-locale\build
   [OK] Dossier build/ pret
   [OK] Fichier ecrit: G:\Mon Drive\plume-locale\build\plume-build-2026.01.16.15.48.html

========================================
BUILD TERMINE AVEC SUCCES!
========================================
Fichier: G:\Mon Drive\plume-locale\build\plume-build-2026.01.16.15.48.html
Taille: 1,620,920 octets (1,576,315 caracteres)
